{"/Users/lesterhoward/Documents/Personal/tp-async-expo-router/app/_layout.tsx": {"path":"/Users/lesterhoward/Documents/Personal/tp-async-expo-router/app/_layout.tsx","statementMap":{"0":{"start":{"line":8,"column":38},"end":{"line":8,"column":53}},"1":{"start":{"line":10,"column":2},"end":{"line":21,"column":9}},"2":{"start":{"line":11,"column":20},"end":{"line":18,"column":5}},"3":{"start":{"line":12,"column":23},"end":{"line":14,"column":7}},"4":{"start":{"line":15,"column":27},"end":{"line":15,"column":48}},"5":{"start":{"line":16,"column":6},"end":{"line":16,"column":50}},"6":{"start":{"line":17,"column":6},"end":{"line":17,"column":26}},"7":{"start":{"line":20,"column":4},"end":{"line":20,"column":14}},"8":{"start":{"line":23,"column":2},"end":{"line":25,"column":3}},"9":{"start":{"line":24,"column":4},"end":{"line":24,"column":16}},"10":{"start":{"line":27,"column":2},"end":{"line":34,"column":4}}},"fnMap":{"0":{"name":"RootLayout","decl":{"start":{"line":7,"column":24},"end":{"line":7,"column":34}},"loc":{"start":{"line":7,"column":37},"end":{"line":35,"column":1}},"line":7},"1":{"name":"(anonymous_1)","decl":{"start":{"line":10,"column":12},"end":{"line":10,"column":13}},"loc":{"start":{"line":10,"column":18},"end":{"line":21,"column":3}},"line":10},"2":{"name":"(anonymous_2)","decl":{"start":{"line":11,"column":20},"end":{"line":11,"column":21}},"loc":{"start":{"line":11,"column":32},"end":{"line":18,"column":5}},"line":11}},"branchMap":{"0":{"loc":{"start":{"line":23,"column":2},"end":{"line":25,"column":3}},"type":"if","locations":[{"start":{"line":23,"column":2},"end":{"line":25,"column":3}},{"start":{},"end":{}}],"line":23}},"s":{"0":1,"1":1,"2":1,"3":1,"4":0,"5":0,"6":0,"7":1,"8":1,"9":1,"10":0},"f":{"0":1,"1":1,"2":1},"b":{"0":[1,0]},"_coverageSchema":"1a1c01bbd47fc00a2c39e90264f33305004495a9","hash":"76b701d1cd1ec1af1eca8b4631635580a62eebb6"}
,"/Users/lesterhoward/Documents/Personal/tp-async-expo-router/app/(tabs)/_layout.tsx": {"path":"/Users/lesterhoward/Documents/Personal/tp-async-expo-router/app/(tabs)/_layout.tsx","statementMap":{"0":{"start":{"line":12,"column":22},"end":{"line":12,"column":38}},"1":{"start":{"line":14,"column":2},"end":{"line":49,"column":4}},"2":{"start":{"line":35,"column":12},"end":{"line":35,"column":68}},"3":{"start":{"line":44,"column":12},"end":{"line":44,"column":73}}},"fnMap":{"0":{"name":"TabLayout","decl":{"start":{"line":11,"column":24},"end":{"line":11,"column":33}},"loc":{"start":{"line":11,"column":36},"end":{"line":50,"column":1}},"line":11},"1":{"name":"(anonymous_1)","decl":{"start":{"line":34,"column":22},"end":{"line":34,"column":23}},"loc":{"start":{"line":35,"column":12},"end":{"line":35,"column":68}},"line":35},"2":{"name":"(anonymous_2)","decl":{"start":{"line":43,"column":22},"end":{"line":43,"column":23}},"loc":{"start":{"line":44,"column":12},"end":{"line":44,"column":73}},"line":44}},"branchMap":{"0":{"loc":{"start":{"line":17,"column":38},"end":{"line":17,"column":60}},"type":"binary-expr","locations":[{"start":{"line":17,"column":38},"end":{"line":17,"column":49}},{"start":{"line":17,"column":53},"end":{"line":17,"column":60}}],"line":17}},"s":{"0":0,"1":0,"2":0,"3":0},"f":{"0":0,"1":0,"2":0},"b":{"0":[0,0]},"_coverageSchema":"1a1c01bbd47fc00a2c39e90264f33305004495a9","hash":"174c49584e85f30f51421d983410493c3c3c4a38"}
,"/Users/lesterhoward/Documents/Personal/tp-async-expo-router/components/HapticTab.tsx": {"path":"/Users/lesterhoward/Documents/Personal/tp-async-expo-router/components/HapticTab.tsx","statementMap":{"0":{"start":{"line":6,"column":2},"end":{"line":17,"column":4}},"1":{"start":{"line":10,"column":8},"end":{"line":13,"column":9}},"2":{"start":{"line":12,"column":10},"end":{"line":12,"column":65}},"3":{"start":{"line":14,"column":8},"end":{"line":14,"column":30}}},"fnMap":{"0":{"name":"HapticTab","decl":{"start":{"line":5,"column":16},"end":{"line":5,"column":25}},"loc":{"start":{"line":5,"column":58},"end":{"line":18,"column":1}},"line":5},"1":{"name":"(anonymous_1)","decl":{"start":{"line":9,"column":17},"end":{"line":9,"column":18}},"loc":{"start":{"line":9,"column":25},"end":{"line":15,"column":7}},"line":9}},"branchMap":{"0":{"loc":{"start":{"line":10,"column":8},"end":{"line":13,"column":9}},"type":"if","locations":[{"start":{"line":10,"column":8},"end":{"line":13,"column":9}},{"start":{},"end":{}}],"line":10}},"s":{"0":0,"1":0,"2":0,"3":0},"f":{"0":0,"1":0},"b":{"0":[0,0]},"_coverageSchema":"1a1c01bbd47fc00a2c39e90264f33305004495a9","hash":"5904bdf1b121bf96710d548b5450c4b1865f2465"}
,"/Users/lesterhoward/Documents/Personal/tp-async-expo-router/components/ui/IconSymbol.ios.tsx": {"path":"/Users/lesterhoward/Documents/Personal/tp-async-expo-router/components/ui/IconSymbol.ios.tsx","statementMap":{"0":{"start":{"line":17,"column":2},"end":{"line":31,"column":4}}},"fnMap":{"0":{"name":"IconSymbol","decl":{"start":{"line":4,"column":16},"end":{"line":4,"column":26}},"loc":{"start":{"line":16,"column":3},"end":{"line":32,"column":1}},"line":16}},"branchMap":{"0":{"loc":{"start":{"line":6,"column":2},"end":{"line":6,"column":11}},"type":"default-arg","locations":[{"start":{"line":6,"column":9},"end":{"line":6,"column":11}}],"line":6},"1":{"loc":{"start":{"line":9,"column":2},"end":{"line":9,"column":20}},"type":"default-arg","locations":[{"start":{"line":9,"column":11},"end":{"line":9,"column":20}}],"line":9}},"s":{"0":0},"f":{"0":0},"b":{"0":[0],"1":[0]},"_coverageSchema":"1a1c01bbd47fc00a2c39e90264f33305004495a9","hash":"f9404386547ef5751442f8cfb5de271c49b96aac"}
,"/Users/lesterhoward/Documents/Personal/tp-async-expo-router/components/ui/TabBarBackground.ios.tsx": {"path":"/Users/lesterhoward/Documents/Personal/tp-async-expo-router/components/ui/TabBarBackground.ios.tsx","statementMap":{"0":{"start":{"line":6,"column":2},"end":{"line":14,"column":4}},"1":{"start":{"line":18,"column":2},"end":{"line":18,"column":33}}},"fnMap":{"0":{"name":"BlurTabBarBackground","decl":{"start":{"line":5,"column":24},"end":{"line":5,"column":44}},"loc":{"start":{"line":5,"column":47},"end":{"line":15,"column":1}},"line":5},"1":{"name":"useBottomTabOverflow","decl":{"start":{"line":17,"column":16},"end":{"line":17,"column":36}},"loc":{"start":{"line":17,"column":39},"end":{"line":19,"column":1}},"line":17}},"branchMap":{},"s":{"0":0,"1":0},"f":{"0":0,"1":0},"b":{},"_coverageSchema":"1a1c01bbd47fc00a2c39e90264f33305004495a9","hash":"b255414c19813a52c9c4a2ea29192333097434ba"}
,"/Users/lesterhoward/Documents/Personal/tp-async-expo-router/constants/Colors.ts": {"path":"/Users/lesterhoward/Documents/Personal/tp-async-expo-router/constants/Colors.ts","statementMap":{"0":{"start":{"line":6,"column":23},"end":{"line":6,"column":32}},"1":{"start":{"line":7,"column":22},"end":{"line":7,"column":28}},"2":{"start":{"line":9,"column":22},"end":{"line":26,"column":1}}},"fnMap":{},"branchMap":{},"s":{"0":1,"1":1,"2":1},"f":{},"b":{},"_coverageSchema":"1a1c01bbd47fc00a2c39e90264f33305004495a9","hash":"85019e1ab9cffee641788a8995c3b66c722754b4"}
,"/Users/lesterhoward/Documents/Personal/tp-async-expo-router/hooks/useColorScheme.ts": {"path":"/Users/lesterhoward/Documents/Personal/tp-async-expo-router/hooks/useColorScheme.ts","statementMap":{},"fnMap":{},"branchMap":{},"s":{},"f":{},"b":{},"_coverageSchema":"1a1c01bbd47fc00a2c39e90264f33305004495a9","hash":"e8df9b3c8cdea3d68c1f531bcc392c5d62f56466"}
}
