TN:
SF:app/_layout.tsx
FN:7,RootLayout
FN:10,(anonymous_1)
FN:11,(anonymous_2)
FNF:3
FNH:3
FNDA:1,RootLayout
FNDA:1,(anonymous_1)
FNDA:1,(anonymous_2)
DA:8,1
DA:10,1
DA:11,1
DA:12,1
DA:15,0
DA:16,0
DA:17,0
DA:20,1
DA:23,1
DA:24,1
DA:27,0
LF:11
LH:7
BRDA:23,0,0,1
BRDA:23,0,1,0
BRF:2
BRH:1
end_of_record
TN:
SF:app/(tabs)/_layout.tsx
FN:11,TabLayout
FN:34,(anonymous_1)
FN:43,(anonymous_2)
FNF:3
FNH:0
FNDA:0,TabLayout
FNDA:0,(anonymous_1)
FNDA:0,(anonymous_2)
DA:12,0
DA:14,0
DA:35,0
DA:44,0
LF:4
LH:0
BRDA:17,0,0,0
BRDA:17,0,1,0
BRF:2
BRH:0
end_of_record
TN:
SF:components/HapticTab.tsx
FN:5,HapticTab
FN:9,(anonymous_1)
FNF:2
FNH:0
FNDA:0,HapticTab
FNDA:0,(anonymous_1)
DA:6,0
DA:10,0
DA:12,0
DA:14,0
LF:4
LH:0
BRDA:10,0,0,0
BRDA:10,0,1,0
BRF:2
BRH:0
end_of_record
TN:
SF:components/ui/IconSymbol.ios.tsx
FN:4,IconSymbol
FNF:1
FNH:0
FNDA:0,IconSymbol
DA:17,0
LF:1
LH:0
BRDA:6,0,0,0
BRDA:9,1,0,0
BRF:2
BRH:0
end_of_record
TN:
SF:components/ui/TabBarBackground.ios.tsx
FN:5,BlurTabBarBackground
FN:17,useBottomTabOverflow
FNF:2
FNH:0
FNDA:0,BlurTabBarBackground
FNDA:0,useBottomTabOverflow
DA:6,0
DA:18,0
LF:2
LH:0
BRF:0
BRH:0
end_of_record
TN:
SF:constants/Colors.ts
FNF:0
FNH:0
DA:6,1
DA:7,1
DA:9,1
LF:3
LH:3
BRF:0
BRH:0
end_of_record
TN:
SF:hooks/useColorScheme.ts
FNF:0
FNH:0
LF:0
LH:0
BRF:0
BRH:0
end_of_record
